{"C:\\Users\\Пользователь\\Desktop\\ajs10.2\\src\\gamesaving.js": {"path":"C:\\Users\\Пользователь\\Desktop\\ajs10.2\\src\\gamesaving.js","statementMap":{"0":{"start":{"line":3,"column":6},"end":{"line":3,"column":23}},"1":{"start":{"line":4,"column":6},"end":{"line":4,"column":33}},"2":{"start":{"line":5,"column":6},"end":{"line":10,"column":8}}},"fnMap":{"0":{"name":"(anonymous_0)","decl":{"start":{"line":2,"column":4},"end":{"line":2,"column":5}},"loc":{"start":{"line":2,"column":21},"end":{"line":11,"column":5}},"line":2}},"branchMap":{},"s":{"0":2,"1":2,"2":2},"f":{"0":2},"b":{},"_coverageSchema":"1a1c01bbd47fc00a2c39e90264f33305004495a9","hash":"6e665dbbf45030df2554f340d5fc616d526e6a2a"}
,"C:\\Users\\Пользователь\\Desktop\\ajs10.2\\src\\gamesavingloader.js": {"path":"C:\\Users\\Пользователь\\Desktop\\ajs10.2\\src\\gamesavingloader.js","statementMap":{"0":{"start":{"line":7,"column":23},"end":{"line":7,"column":35}},"1":{"start":{"line":8,"column":28},"end":{"line":8,"column":54}},"2":{"start":{"line":9,"column":16},"end":{"line":9,"column":43}},"3":{"start":{"line":10,"column":4},"end":{"line":10,"column":31}}},"fnMap":{"0":{"name":"(anonymous_0)","decl":{"start":{"line":6,"column":2},"end":{"line":6,"column":3}},"loc":{"start":{"line":6,"column":22},"end":{"line":11,"column":3}},"line":6}},"branchMap":{},"s":{"0":1,"1":1,"2":1,"3":1},"f":{"0":1},"b":{},"_coverageSchema":"1a1c01bbd47fc00a2c39e90264f33305004495a9","hash":"7b7bd8bd28d2ab3e42d50f00650a52a847546ee0"}
,"C:\\Users\\Пользователь\\Desktop\\ajs10.2\\src\\parser.js": {"path":"C:\\Users\\Пользователь\\Desktop\\ajs10.2\\src\\parser.js","statementMap":{"0":{"start":{"line":2,"column":4},"end":{"line":7,"column":7}},"1":{"start":{"line":4,"column":6},"end":{"line":6,"column":14}},"2":{"start":{"line":5,"column":8},"end":{"line":5,"column":72}}},"fnMap":{"0":{"name":"toString","decl":{"start":{"line":1,"column":24},"end":{"line":1,"column":32}},"loc":{"start":{"line":1,"column":39},"end":{"line":8,"column":3}},"line":1},"1":{"name":"(anonymous_1)","decl":{"start":{"line":2,"column":23},"end":{"line":2,"column":24}},"loc":{"start":{"line":2,"column":44},"end":{"line":7,"column":5}},"line":2},"2":{"name":"(anonymous_2)","decl":{"start":{"line":4,"column":17},"end":{"line":4,"column":18}},"loc":{"start":{"line":4,"column":23},"end":{"line":6,"column":7}},"line":4}},"branchMap":{},"s":{"0":1,"1":1,"2":1},"f":{"0":1,"1":1,"2":1},"b":{},"_coverageSchema":"1a1c01bbd47fc00a2c39e90264f33305004495a9","hash":"4f7c8eeeb252c00ad06418b4bd0253b505a48a82"}
,"C:\\Users\\Пользователь\\Desktop\\ajs10.2\\src\\reader.js": {"path":"C:\\Users\\Пользователь\\Desktop\\ajs10.2\\src\\reader.js","statementMap":{"0":{"start":{"line":2,"column":4},"end":{"line":15,"column":7}},"1":{"start":{"line":4,"column":6},"end":{"line":14,"column":15}},"2":{"start":{"line":5,"column":21},"end":{"line":5,"column":113}},"3":{"start":{"line":6,"column":8},"end":{"line":13,"column":17}},"4":{"start":{"line":7,"column":25},"end":{"line":7,"column":58}},"5":{"start":{"line":8,"column":29},"end":{"line":8,"column":52}},"6":{"start":{"line":9,"column":10},"end":{"line":11,"column":11}},"7":{"start":{"line":9,"column":23},"end":{"line":9,"column":24}},"8":{"start":{"line":10,"column":12},"end":{"line":10,"column":48}},"9":{"start":{"line":12,"column":10},"end":{"line":12,"column":26}}},"fnMap":{"0":{"name":"read","decl":{"start":{"line":1,"column":24},"end":{"line":1,"column":28}},"loc":{"start":{"line":1,"column":31},"end":{"line":16,"column":3}},"line":1},"1":{"name":"(anonymous_1)","decl":{"start":{"line":2,"column":23},"end":{"line":2,"column":24}},"loc":{"start":{"line":2,"column":44},"end":{"line":15,"column":5}},"line":2},"2":{"name":"(anonymous_2)","decl":{"start":{"line":4,"column":17},"end":{"line":4,"column":18}},"loc":{"start":{"line":4,"column":23},"end":{"line":14,"column":7}},"line":4},"3":{"name":"(anonymous_3)","decl":{"start":{"line":6,"column":16},"end":{"line":6,"column":17}},"loc":{"start":{"line":6,"column":27},"end":{"line":13,"column":9}},"line":6}},"branchMap":{},"s":{"0":1,"1":1,"2":1,"3":1,"4":1,"5":1,"6":1,"7":1,"8":90,"9":1},"f":{"0":1,"1":1,"2":1,"3":1},"b":{},"_coverageSchema":"1a1c01bbd47fc00a2c39e90264f33305004495a9","hash":"d52ae232c496e53740fe9aa87b92d894205923dc"}
}
